<?xml version="1.0" encoding="UTF-8"?>
<testsuite xmlns:xsi="http://www.w3.org/2001/XMLSchema-instance" xsi:noNamespaceSchemaLocation="https://maven.apache.org/surefire/maven-surefire-plugin/xsd/surefire-test-report.xsd" version="3.0.2" name="com.point.system.domain.PointDomainServiceTest" time="0.204" tests="8" errors="1" skipped="0" failures="1">
  <properties>
[...]
</properties>
  <testcase name="order_success" classname="com.point.system.domain.PointDomainServiceTest" time="0.119"/>
  <testcase name="validateAndInitiateIssuePoint_success" classname="com.point.system.domain.PointDomainServiceTest" time="0.045">
    <system-out><![CDATA[2025-11-26T02:48:32.562+09:00  INFO 29270 --- [point-system] [           main] c.p.system.domain.PointDomainService     : userPoint: Mock for UserPoint, hashCode: 661371417, type-policy: [Mock for PointTypePolicy, hashCode: 362785908], lifespan-policy: [Mock for PointLifespanPolicy, hashCode: 311592722]
]]></system-out>
  </testcase>
  <testcase name="cancelOrder_fail_cancel_amount_error" classname="com.point.system.domain.PointDomainServiceTest" time="0.005">
    <failure message="취소 가능 금액 오류 예외가 발생 ==&gt; Unexpected exception type thrown, expected: &lt;com.point.system.domain.exception.DomainException&gt; but was: &lt;java.lang.NullPointerException&gt;" type="org.opentest4j.AssertionFailedError"><![CDATA[org.opentest4j.AssertionFailedError: 취소 가능 금액 오류 예외가 발생 ==> Unexpected exception type thrown, expected: <com.point.system.domain.exception.DomainException> but was: <java.lang.NullPointerException>
	at org.junit.jupiter.api.AssertionFailureBuilder.build(AssertionFailureBuilder.java:151)
	at org.junit.jupiter.api.AssertThrows.assertThrows(AssertThrows.java:67)
	at org.junit.jupiter.api.AssertThrows.assertThrows(AssertThrows.java:39)
	at org.junit.jupiter.api.Assertions.assertThrows(Assertions.java:3153)
	at com.point.system.domain.PointDomainServiceTest.cancelOrder_fail_cancel_amount_error(PointDomainServiceTest.java:236)
	at java.base/java.lang.reflect.Method.invoke(Method.java:580)
	at java.base/java.util.ArrayList.forEach(ArrayList.java:1596)
	at java.base/java.util.ArrayList.forEach(ArrayList.java:1596)
Caused by: java.lang.NullPointerException: Cannot invoke "java.lang.Comparable.compareTo(Object)" because the return value of "java.util.function.Function.apply(Object)" is null
	at java.base/java.util.Comparator.lambda$comparing$77a9974f$1(Comparator.java:473)
	at java.base/java.util.Comparator.lambda$thenComparing$36697e65$1(Comparator.java:220)
	at java.base/java.util.TimSort.countRunAndMakeAscending(TimSort.java:355)
	at java.base/java.util.TimSort.sort(TimSort.java:220)
	at java.base/java.util.Arrays.sort(Arrays.java:1308)
	at java.base/java.util.stream.SortedOps$SizedRefSortingSink.end(SortedOps.java:353)
	at java.base/java.util.stream.AbstractPipeline.copyInto(AbstractPipeline.java:510)
	at java.base/java.util.stream.AbstractPipeline.wrapAndCopyInto(AbstractPipeline.java:499)
	at java.base/java.util.stream.AbstractPipeline.evaluate(AbstractPipeline.java:575)
	at java.base/java.util.stream.AbstractPipeline.evaluateToArrayNode(AbstractPipeline.java:260)
	at java.base/java.util.stream.ReferencePipeline.toArray(ReferencePipeline.java:616)
	at java.base/java.util.stream.ReferencePipeline.toArray(ReferencePipeline.java:622)
	at java.base/java.util.stream.ReferencePipeline.toList(ReferencePipeline.java:627)
	at com.point.system.domain.PointDomainService.cancelOrder(PointDomainService.java:92)
	at com.point.system.domain.PointDomainServiceTest.lambda$cancelOrder_fail_cancel_amount_error$1(PointDomainServiceTest.java:237)
	at org.junit.jupiter.api.AssertThrows.assertThrows(AssertThrows.java:53)
	... 6 more
]]></failure>
  </testcase>
  <testcase name="validateAndRetrievePoint_success" classname="com.point.system.domain.PointDomainServiceTest" time="0.022"/>
  <testcase name="cancelOrder_success_not_expired" classname="com.point.system.domain.PointDomainServiceTest" time="0.003">
    <error message="취소 금액 계산 오류" type="com.point.system.domain.exception.DomainException"><![CDATA[com.point.system.domain.exception.DomainException: 취소 금액 계산 오류
	at com.point.system.domain.PointDomainService.cancelOrder(PointDomainService.java:119)
	at com.point.system.domain.PointDomainServiceTest.cancelOrder_success_not_expired(PointDomainServiceTest.java:162)
	at java.base/java.lang.reflect.Method.invoke(Method.java:580)
	at java.base/java.util.ArrayList.forEach(ArrayList.java:1596)
	at java.base/java.util.ArrayList.forEach(ArrayList.java:1596)
]]></error>
  </testcase>
  <testcase name="cancelOrder_success_with_expired" classname="com.point.system.domain.PointDomainServiceTest" time="0.003"/>
  <testcase name="order_fail_insufficient_balance" classname="com.point.system.domain.PointDomainServiceTest" time="0.002"/>
  <testcase name="updateRetrieveFailed_success" classname="com.point.system.domain.PointDomainServiceTest" time="0.001"/>
</testsuite>