<?xml version="1.0" encoding="UTF-8"?>
<testsuite xmlns:xsi="http://www.w3.org/2001/XMLSchema-instance" xsi:noNamespaceSchemaLocation="https://maven.apache.org/surefire/maven-surefire-plugin/xsd/surefire-test-report.xsd" version="3.0.2" name="com.point.system.application.port.input.controller.PointApiControllerTest" time="12.472" tests="2" errors="0" skipped="0" failures="1">
  <properties>
[...]
</properties>
  <testcase name="shouldReturnFallbackResponse_when_Bulkheadfull" classname="com.point.system.application.port.input.controller.PointApiControllerTest" time="10.201">
    <failure message="&#10;expected: 429 TOO_MANY_REQUESTS&#10; but was: 200 OK" type="org.opentest4j.AssertionFailedError"><![CDATA[org.opentest4j.AssertionFailedError: 

expected: 429 TOO_MANY_REQUESTS
 but was: 200 OK
	at com.point.system.application.port.input.controller.PointApiControllerTest.shouldReturnFallbackResponse_when_Bulkheadfull(PointApiControllerTest.java:101)
	at java.base/java.lang.reflect.Method.invoke(Method.java:580)
	at java.base/java.util.ArrayList.forEach(ArrayList.java:1596)
	at java.base/java.util.ArrayList.forEach(ArrayList.java:1596)
]]></failure>
    <system-out><![CDATA[2025-11-26T02:48:19.921+09:00  INFO 29270 --- [point-system] [           main] t.c.s.AnnotationConfigContextLoaderUtils : Could not detect default configuration classes for test class [com.point.system.application.port.input.controller.PointApiControllerTest]: PointApiControllerTest does not declare any static, non-private, non-final, nested classes annotated with @Configuration.
2025-11-26T02:48:19.932+09:00  INFO 29270 --- [point-system] [           main] .b.t.c.SpringBootTestContextBootstrapper : Found @SpringBootConfiguration com.point.system.PointSystemApplication for test class com.point.system.application.port.input.controller.PointApiControllerTest

  .   ____          _            __ _ _
 /\\ / ___'_ __ _ _(_)_ __  __ _ \ \ \ \
( ( )\___ | '_ | '_| | '_ \/ _` | \ \ \ \
 \\/  ___)| |_)| | | | | || (_| |  ) ) ) )
  '  |____| .__|_| |_|_| |_\__, | / / / /
 =========|_|==============|___/=/_/_/_/

 :: Spring Boot ::                (v3.5.7)

2025-11-26T02:48:19.952+09:00  INFO 29270 --- [point-system] [           main] c.p.s.a.p.i.c.PointApiControllerTest     : Starting PointApiControllerTest using Java 21.0.9 with PID 29270 (started by jongseok in /Users/jongseok/workspace/point-api-system)
2025-11-26T02:48:19.952+09:00  INFO 29270 --- [point-system] [           main] c.p.s.a.p.i.c.PointApiControllerTest     : No active profile set, falling back to 1 default profile: "default"
2025-11-26T02:48:20.045+09:00  INFO 29270 --- [point-system] [           main] .s.d.r.c.RepositoryConfigurationDelegate : Bootstrapping Spring Data JPA repositories in DEFAULT mode.
2025-11-26T02:48:20.053+09:00  INFO 29270 --- [point-system] [           main] .s.d.r.c.RepositoryConfigurationDelegate : Finished Spring Data repository scanning in 7 ms. Found 5 JPA repository interfaces.
2025-11-26T02:48:20.523+09:00  INFO 29270 --- [point-system] [           main] o.s.b.w.embedded.tomcat.TomcatWebServer  : Tomcat initialized with port 0 (http)
2025-11-26T02:48:20.534+09:00  INFO 29270 --- [point-system] [           main] o.apache.catalina.core.StandardService   : Starting service [Tomcat]
2025-11-26T02:48:20.534+09:00  INFO 29270 --- [point-system] [           main] o.apache.catalina.core.StandardEngine    : Starting Servlet engine: [Apache Tomcat/10.1.48]
2025-11-26T02:48:20.567+09:00  INFO 29270 --- [point-system] [           main] o.a.c.c.C.[Tomcat].[localhost].[/]       : Initializing Spring embedded WebApplicationContext
2025-11-26T02:48:20.567+09:00  INFO 29270 --- [point-system] [           main] w.s.c.ServletWebServerApplicationContext : Root WebApplicationContext: initialization completed in 614 ms
2025-11-26T02:48:20.742+09:00  INFO 29270 --- [point-system] [           main] o.hibernate.jpa.internal.util.LogHelper  : HHH000204: Processing PersistenceUnitInfo [name: default]
2025-11-26T02:48:20.744+09:00  INFO 29270 --- [point-system] [           main] o.h.c.internal.RegionFactoryInitiator    : HHH000026: Second-level cache disabled
2025-11-26T02:48:20.752+09:00  INFO 29270 --- [point-system] [           main] o.s.o.j.p.SpringPersistenceUnitInfo      : No LoadTimeWeaver setup: ignoring JPA class transformer
2025-11-26T02:48:20.752+09:00  INFO 29270 --- [point-system] [           main] com.zaxxer.hikari.HikariDataSource       : HikariPool-3 - Starting...
2025-11-26T02:48:20.753+09:00  INFO 29270 --- [point-system] [           main] com.zaxxer.hikari.pool.HikariPool        : HikariPool-3 - Added connection conn20: url=jdbc:h2:mem:dcbapp user=SA
2025-11-26T02:48:20.753+09:00  INFO 29270 --- [point-system] [           main] com.zaxxer.hikari.HikariDataSource       : HikariPool-3 - Start completed.
2025-11-26T02:48:20.753+09:00  WARN 29270 --- [point-system] [           main] org.hibernate.orm.deprecation            : HHH90000025: H2Dialect does not need to be specified explicitly using 'hibernate.dialect' (remove the property setting and it will be selected by default)
2025-11-26T02:48:20.754+09:00  INFO 29270 --- [point-system] [           main] org.hibernate.orm.connections.pooling    : HHH10001005: Database info:
	Database JDBC URL [Connecting through datasource 'HikariDataSource (HikariPool-3)']
	Database driver: undefined/unknown
	Database version: 2.3.232
	Autocommit mode: undefined/unknown
	Isolation level: undefined/unknown
	Minimum pool size: undefined/unknown
	Maximum pool size: undefined/unknown
2025-11-26T02:48:20.808+09:00  INFO 29270 --- [point-system] [           main] o.h.e.t.j.p.i.JtaPlatformInitiator       : HHH000489: No JTA platform available (set 'hibernate.transaction.jta.platform' to enable JTA platform integration)
2025-11-26T02:48:20.808+09:00  INFO 29270 --- [point-system] [           main] j.LocalContainerEntityManagerFactoryBean : Initialized JPA EntityManagerFactory for persistence unit 'default'
2025-11-26T02:48:21.785+09:00  INFO 29270 --- [point-system] [           main] o.s.b.a.h2.H2ConsoleAutoConfiguration    : H2 console available at '/h2-console'. Database available at 'jdbc:h2:mem:dcbapp'
2025-11-26T02:48:22.045+09:00  INFO 29270 --- [point-system] [           main] o.s.b.w.embedded.tomcat.TomcatWebServer  : Tomcat started on port 55960 (http) with context path '/'
2025-11-26T02:48:22.056+09:00  INFO 29270 --- [point-system] [           main] c.p.s.a.p.i.c.PointApiControllerTest     : Started PointApiControllerTest in 2.122 seconds (process running for 7.579)
Hibernate: select ptpe1_0.type_policy_id,ptpe1_0.created_at,ptpe1_0.cumulative_period,ptpe1_0.is_active,ptpe1_0.max_cumulative_amount,ptpe1_0.min_amount,ptpe1_0.point_type,ptpe1_0.updated_at from point.point_type_policy ptpe1_0 where ptpe1_0.is_active=? and ptpe1_0.point_type=?
2025-11-26T02:48:22.064+09:00  INFO 29270 --- [point-system] [   scheduling-1] c.p.s.a.PointPolicyDbCacheService        : Caching pointPolicies: 6
Hibernate: select plpe1_0.lifespan_id,plpe1_0.created_at,plpe1_0.is_active,plpe1_0.lifespan,plpe1_0.point_type,plpe1_0.unit,plpe1_0.updated_at from point.point_lifespan_policy plpe1_0 where plpe1_0.is_active=? and plpe1_0.point_type=?
2025-11-26T02:48:22.066+09:00  INFO 29270 --- [point-system] [   scheduling-1] c.p.s.a.PointPolicyDbCacheService        : Caching pointPolicies: 3
Hibernate: select ptpe1_0.type_policy_id,ptpe1_0.created_at,ptpe1_0.cumulative_period,ptpe1_0.is_active,ptpe1_0.max_cumulative_amount,ptpe1_0.min_amount,ptpe1_0.point_type,ptpe1_0.updated_at from point.point_type_policy ptpe1_0 where ptpe1_0.is_active=? and ptpe1_0.point_type=?
2025-11-26T02:48:22.068+09:00  INFO 29270 --- [point-system] [   scheduling-1] c.p.s.a.PointPolicyDbCacheService        : Caching pointPolicies: 6
Hibernate: select plpe1_0.lifespan_id,plpe1_0.created_at,plpe1_0.is_active,plpe1_0.lifespan,plpe1_0.point_type,plpe1_0.unit,plpe1_0.updated_at from point.point_lifespan_policy plpe1_0 where plpe1_0.is_active=? and plpe1_0.point_type=?
2025-11-26T02:48:22.069+09:00  INFO 29270 --- [point-system] [   scheduling-1] c.p.s.a.PointPolicyDbCacheService        : Caching pointPolicies: 3
Hibernate: select ptpe1_0.type_policy_id,ptpe1_0.created_at,ptpe1_0.cumulative_period,ptpe1_0.is_active,ptpe1_0.max_cumulative_amount,ptpe1_0.min_amount,ptpe1_0.point_type,ptpe1_0.updated_at from point.point_type_policy ptpe1_0 where ptpe1_0.is_active=? and ptpe1_0.point_type=?
2025-11-26T02:48:22.071+09:00  INFO 29270 --- [point-system] [   scheduling-1] c.p.s.a.PointPolicyDbCacheService        : Caching pointPolicies: 0
Hibernate: select plpe1_0.lifespan_id,plpe1_0.created_at,plpe1_0.is_active,plpe1_0.lifespan,plpe1_0.point_type,plpe1_0.unit,plpe1_0.updated_at from point.point_lifespan_policy plpe1_0 where plpe1_0.is_active=? and plpe1_0.point_type=?
2025-11-26T02:48:22.072+09:00  INFO 29270 --- [point-system] [   scheduling-1] c.p.s.a.PointPolicyDbCacheService        : Caching pointPolicies: 0
2025-11-26T02:48:22.170+09:00  INFO 29270 --- [point-system] [o-auto-1-exec-1] o.a.c.c.C.[Tomcat].[localhost].[/]       : Initializing Spring DispatcherServlet 'dispatcherServlet'
2025-11-26T02:48:22.170+09:00  INFO 29270 --- [point-system] [o-auto-1-exec-1] o.s.web.servlet.DispatcherServlet        : Initializing Servlet 'dispatcherServlet'
2025-11-26T02:48:22.171+09:00  INFO 29270 --- [point-system] [o-auto-1-exec-1] o.s.web.servlet.DispatcherServlet        : Completed initialization in 1 ms
2025-11-26T02:48:22.206+09:00  INFO 29270 --- [point-system] [issue-service-1] c.p.s.a.p.i.c.PointApiController         : Point issue: test-request-123
2025-11-26T02:48:22.290+09:00  WARN 29270 --- [point-system] [o-auto-1-exec-2] c.p.s.a.p.i.c.PointApiController         : 벌크 헤드 허용 요청 초과: test-request-123

io.github.resilience4j.bulkhead.BulkheadFullException: Bulkhead 'point-issue-service' is full and does not permit further calls
	at io.github.resilience4j.bulkhead.BulkheadFullException.createBulkheadFullException(BulkheadFullException.java:64) ~[resilience4j-bulkhead-2.3.0.jar:2.3.0]
	at io.github.resilience4j.bulkhead.internal.FixedThreadPoolBulkhead.submit(FixedThreadPoolBulkhead.java:158) ~[resilience4j-bulkhead-2.3.0.jar:2.3.0]
	at io.github.resilience4j.bulkhead.internal.FixedThreadPoolBulkhead.submit(FixedThreadPoolBulkhead.java:47) ~[resilience4j-bulkhead-2.3.0.jar:2.3.0]
	at io.github.resilience4j.bulkhead.ThreadPoolBulkhead.lambda$decorateCallable$0(ThreadPoolBulkhead.java:51) ~[resilience4j-bulkhead-2.3.0.jar:2.3.0]
	at io.github.resilience4j.bulkhead.ThreadPoolBulkhead.executeCallable(ThreadPoolBulkhead.java:250) ~[resilience4j-bulkhead-2.3.0.jar:2.3.0]
	at io.github.resilience4j.spring6.bulkhead.configure.BulkheadAspect.proceedInThreadPoolBulkhead(BulkheadAspect.java:237) ~[resilience4j-spring6-2.3.0.jar:2.3.0]
	at io.github.resilience4j.spring6.bulkhead.configure.BulkheadAspect.lambda$bulkheadAroundAdvice$0(BulkheadAspect.java:115) ~[resilience4j-spring6-2.3.0.jar:2.3.0]
	at io.github.resilience4j.core.functions.CheckedSupplier.lambda$andThen$0(CheckedSupplier.java:34) ~[resilience4j-core-2.3.0.jar:2.3.0]
	at io.github.resilience4j.spring6.fallback.FallbackExecutor.execute(FallbackExecutor.java:39) ~[resilience4j-spring6-2.3.0.jar:2.3.0]
	at io.github.resilience4j.spring6.bulkhead.configure.BulkheadAspect.bulkheadAroundAdvice(BulkheadAspect.java:116) ~[resilience4j-spring6-2.3.0.jar:2.3.0]
	at java.base/jdk.internal.reflect.DirectMethodHandleAccessor.invoke(DirectMethodHandleAccessor.java:103) ~[na:na]
	at java.base/java.lang.reflect.Method.invoke(Method.java:580) ~[na:na]
	at org.springframework.aop.aspectj.AbstractAspectJAdvice.invokeAdviceMethodWithGivenArgs(AbstractAspectJAdvice.java:649) ~[spring-aop-6.2.12.jar:6.2.12]
	at org.springframework.aop.aspectj.AbstractAspectJAdvice.invokeAdviceMethod(AbstractAspectJAdvice.java:631) ~[spring-aop-6.2.12.jar:6.2.12]
	at org.springframework.aop.aspectj.AspectJAroundAdvice.invoke(AspectJAroundAdvice.java:71) ~[spring-aop-6.2.12.jar:6.2.12]
	at org.springframework.aop.framework.ReflectiveMethodInvocation.proceed(ReflectiveMethodInvocation.java:173) ~[spring-aop-6.2.12.jar:6.2.12]
	at org.springframework.aop.interceptor.ExposeInvocationInterceptor.invoke(ExposeInvocationInterceptor.java:97) ~[spring-aop-6.2.12.jar:6.2.12]
	at org.springframework.aop.framework.ReflectiveMethodInvocation.proceed(ReflectiveMethodInvocation.java:184) ~[spring-aop-6.2.12.jar:6.2.12]
	at org.springframework.aop.framework.CglibAopProxy$DynamicAdvisedInterceptor.intercept(CglibAopProxy.java:728) ~[spring-aop-6.2.12.jar:6.2.12]
	at com.point.system.application.port.input.controller.PointApiController$$SpringCGLIB$$0.issue(<generated>) ~[classes/:na]
	at java.base/jdk.internal.reflect.DirectMethodHandleAccessor.invoke(DirectMethodHandleAccessor.java:103) ~[na:na]
	at java.base/java.lang.reflect.Method.invoke(Method.java:580) ~[na:na]
	at org.springframework.web.method.support.InvocableHandlerMethod.doInvoke(InvocableHandlerMethod.java:258) ~[spring-web-6.2.12.jar:6.2.12]
	at org.springframework.web.method.support.InvocableHandlerMethod.invokeForRequest(InvocableHandlerMethod.java:191) ~[spring-web-6.2.12.jar:6.2.12]
	at org.springframework.web.servlet.mvc.method.annotation.ServletInvocableHandlerMethod.invokeAndHandle(ServletInvocableHandlerMethod.java:118) ~[spring-webmvc-6.2.12.jar:6.2.12]
	at org.springframework.web.servlet.mvc.method.annotation.RequestMappingHandlerAdapter.invokeHandlerMethod(RequestMappingHandlerAdapter.java:991) ~[spring-webmvc-6.2.12.jar:6.2.12]
	at org.springframework.web.servlet.mvc.method.annotation.RequestMappingHandlerAdapter.handleInternal(RequestMappingHandlerAdapter.java:896) ~[spring-webmvc-6.2.12.jar:6.2.12]
	at org.springframework.web.servlet.mvc.method.AbstractHandlerMethodAdapter.handle(AbstractHandlerMethodAdapter.java:87) ~[spring-webmvc-6.2.12.jar:6.2.12]
	at org.springframework.web.servlet.DispatcherServlet.doDispatch(DispatcherServlet.java:1089) ~[spring-webmvc-6.2.12.jar:6.2.12]
	at org.springframework.web.servlet.DispatcherServlet.doService(DispatcherServlet.java:979) ~[spring-webmvc-6.2.12.jar:6.2.12]
	at org.springframework.web.servlet.FrameworkServlet.processRequest(FrameworkServlet.java:1014) ~[spring-webmvc-6.2.12.jar:6.2.12]
	at org.springframework.web.servlet.FrameworkServlet.doPost(FrameworkServlet.java:914) ~[spring-webmvc-6.2.12.jar:6.2.12]
	at jakarta.servlet.http.HttpServlet.service(HttpServlet.java:590) ~[tomcat-embed-core-10.1.48.jar:6.0]
	at org.springframework.web.servlet.FrameworkServlet.service(FrameworkServlet.java:885) ~[spring-webmvc-6.2.12.jar:6.2.12]
	at jakarta.servlet.http.HttpServlet.service(HttpServlet.java:658) ~[tomcat-embed-core-10.1.48.jar:6.0]
	at org.apache.catalina.core.ApplicationFilterChain.internalDoFilter(ApplicationFilterChain.java:193) ~[tomcat-embed-core-10.1.48.jar:10.1.48]
	at org.apache.catalina.core.ApplicationFilterChain.doFilter(ApplicationFilterChain.java:138) ~[tomcat-embed-core-10.1.48.jar:10.1.48]
	at org.apache.tomcat.websocket.server.WsFilter.doFilter(WsFilter.java:51) ~[tomcat-embed-websocket-10.1.48.jar:10.1.48]
	at org.apache.catalina.core.ApplicationFilterChain.internalDoFilter(ApplicationFilterChain.java:162) ~[tomcat-embed-core-10.1.48.jar:10.1.48]
	at org.apache.catalina.core.ApplicationFilterChain.doFilter(ApplicationFilterChain.java:138) ~[tomcat-embed-core-10.1.48.jar:10.1.48]
	at org.springframework.web.filter.RequestContextFilter.doFilterInternal(RequestContextFilter.java:100) ~[spring-web-6.2.12.jar:6.2.12]
	at org.springframework.web.filter.OncePerRequestFilter.doFilter(OncePerRequestFilter.java:116) ~[spring-web-6.2.12.jar:6.2.12]
	at org.apache.catalina.core.ApplicationFilterChain.internalDoFilter(ApplicationFilterChain.java:162) ~[tomcat-embed-core-10.1.48.jar:10.1.48]
	at org.apache.catalina.core.ApplicationFilterChain.doFilter(ApplicationFilterChain.java:138) ~[tomcat-embed-core-10.1.48.jar:10.1.48]
	at org.springframework.web.filter.FormContentFilter.doFilterInternal(FormContentFilter.java:93) ~[spring-web-6.2.12.jar:6.2.12]
	at org.springframework.web.filter.OncePerRequestFilter.doFilter(OncePerRequestFilter.java:116) ~[spring-web-6.2.12.jar:6.2.12]
	at org.apache.catalina.core.ApplicationFilterChain.internalDoFilter(ApplicationFilterChain.java:162) ~[tomcat-embed-core-10.1.48.jar:10.1.48]
	at org.apache.catalina.core.ApplicationFilterChain.doFilter(ApplicationFilterChain.java:138) ~[tomcat-embed-core-10.1.48.jar:10.1.48]
	at org.springframework.web.filter.CharacterEncodingFilter.doFilterInternal(CharacterEncodingFilter.java:201) ~[spring-web-6.2.12.jar:6.2.12]
	at org.springframework.web.filter.OncePerRequestFilter.doFilter(OncePerRequestFilter.java:116) ~[spring-web-6.2.12.jar:6.2.12]
	at org.apache.catalina.core.ApplicationFilterChain.internalDoFilter(ApplicationFilterChain.java:162) ~[tomcat-embed-core-10.1.48.jar:10.1.48]
	at org.apache.catalina.core.ApplicationFilterChain.doFilter(ApplicationFilterChain.java:138) ~[tomcat-embed-core-10.1.48.jar:10.1.48]
	at org.apache.catalina.core.StandardWrapperValve.invoke(StandardWrapperValve.java:165) ~[tomcat-embed-core-10.1.48.jar:10.1.48]
	at org.apache.catalina.core.StandardContextValve.invoke(StandardContextValve.java:88) ~[tomcat-embed-core-10.1.48.jar:10.1.48]
	at org.apache.catalina.authenticator.AuthenticatorBase.invoke(AuthenticatorBase.java:482) ~[tomcat-embed-core-10.1.48.jar:10.1.48]
	at org.apache.catalina.core.StandardHostValve.invoke(StandardHostValve.java:113) ~[tomcat-embed-core-10.1.48.jar:10.1.48]
	at org.apache.catalina.valves.ErrorReportValve.invoke(ErrorReportValve.java:83) ~[tomcat-embed-core-10.1.48.jar:10.1.48]
	at org.apache.catalina.core.StandardEngineValve.invoke(StandardEngineValve.java:72) ~[tomcat-embed-core-10.1.48.jar:10.1.48]
	at org.apache.catalina.connector.CoyoteAdapter.service(CoyoteAdapter.java:342) ~[tomcat-embed-core-10.1.48.jar:10.1.48]
	at org.apache.coyote.http11.Http11Processor.service(Http11Processor.java:399) ~[tomcat-embed-core-10.1.48.jar:10.1.48]
	at org.apache.coyote.AbstractProcessorLight.process(AbstractProcessorLight.java:63) ~[tomcat-embed-core-10.1.48.jar:10.1.48]
	at org.apache.coyote.AbstractProtocol$ConnectionHandler.process(AbstractProtocol.java:903) ~[tomcat-embed-core-10.1.48.jar:10.1.48]
	at org.apache.tomcat.util.net.NioEndpoint$SocketProcessor.doRun(NioEndpoint.java:1774) ~[tomcat-embed-core-10.1.48.jar:10.1.48]
	at org.apache.tomcat.util.net.SocketProcessorBase.run(SocketProcessorBase.java:52) ~[tomcat-embed-core-10.1.48.jar:10.1.48]
	at org.apache.tomcat.util.threads.ThreadPoolExecutor.runWorker(ThreadPoolExecutor.java:973) ~[tomcat-embed-core-10.1.48.jar:10.1.48]
	at org.apache.tomcat.util.threads.ThreadPoolExecutor$Worker.run(ThreadPoolExecutor.java:491) ~[tomcat-embed-core-10.1.48.jar:10.1.48]
	at org.apache.tomcat.util.threads.TaskThread$WrappingRunnable.run(TaskThread.java:63) ~[tomcat-embed-core-10.1.48.jar:10.1.48]
	at java.base/java.lang.Thread.run(Thread.java:1583) ~[na:na]

2025-11-26T02:48:27.214+09:00  INFO 29270 --- [point-system] [issue-service-1] c.p.s.a.p.i.c.PointApiController         : Point issue: test-request-123
]]></system-out>
  </testcase>
  <testcase name="shouldReturnOk" classname="com.point.system.application.port.input.controller.PointApiControllerTest" time="0.113">
    <system-out><![CDATA[2025-11-26T02:48:32.281+09:00  INFO 29270 --- [point-system] [issue-service-1] c.p.s.a.p.i.c.PointApiController         : Point issue: test-request-123
]]></system-out>
  </testcase>
</testsuite>